<?xml version="1.0" encoding="UTF-8"?>
<testsuite name="com.termintracker.common.AppointmentTypeTest" tests="4" skipped="0" failures="0" errors="0" timestamp="2026-04-17T22:16:22" hostname="ozzy-HP-Z2-Mini-G4-Workstation" time="0.011">
  <properties/>
  <testcase name="testCategoriesNotEmpty" classname="com.termintracker.common.AppointmentTypeTest" time="0.001"/>
  <testcase name="testGetByCategory" classname="com.termintracker.common.AppointmentTypeTest" time="0.0"/>
  <testcase name="testFromString" classname="com.termintracker.common.AppointmentTypeTest" time="0.0"/>
  <testcase name="testAllTypesHaveCategory" classname="com.termintracker.common.AppointmentTypeTest" time="0.009"/>
  <system-out><![CDATA[]]></system-out>
  <system-err><![CDATA[]]></system-err>
</testsuite>
